Python Pipeline __init__ : Opened log 
Python Pipeline __init__ : universeSize is 2
Python Pipeline configurePipeline 
appStages
lsst.dps.IOStage.InputStage
lsst.imageproc.pipeline.ImageSubtractStage
lsst.dps.IOStage.OutputStage
lsst.detection.pipeline.DetectionStage
lsst.dps.IOStage.OutputStage
lsst.dps.EventStage.EventStage
end appStages
Python Pipeline configurePipeline : Done 
eventTopics
triggerVisitEvent
None
None
None
None
None
end eventTopics
_runId is RUN0001
Python Pipeline startSlices 
Python Pipeline startSlices : Done 
Python Pipeline handleEvents thisTopic triggerVisitEvent
Python Pipeline handleEvents - waiting on receive...
